<?xml version="1.0" encoding="UTF-8"?>
<!-- Generated by org.testng.reporters.JUnitReportReporter -->
<testsuite hostname="LIPU-PC" failures="0" tests="1" name="blazeTestRunner.BlazeTestRunner" time="21.163" errors="0" timestamp="2023-01-08T18:38:45 EST" skipped="0">
  <testcase classname="blazeTestRunner.BlazeTestRunner" name="feature" time="21.163"/>
  <system-out/>
</testsuite> <!-- blazeTestRunner.BlazeTestRunner -->
