<?xml version="1.0" encoding="UTF-8"?>
<!-- Generated by org.testng.reporters.JUnitReportReporter -->
<testsuite hostname="LIPU-PC" failures="0" tests="1" name="testRunnerBlaze.TestRunnerBlaze" time="34.173" errors="0" timestamp="2023-01-17T17:20:41 EST" skipped="0">
  <testcase classname="testRunnerBlaze.TestRunnerBlaze" name="feature" time="34.173"/>
  <system-out/>
</testsuite> <!-- testRunnerBlaze.TestRunnerBlaze -->
